{
  "RSpec": {
    "coverage": {
      "/mnt/c/OneDrive/OneDrive - unb.br/5_semestre/ES/CAMAAR/app/helpers/application_helper.rb": {
        "lines": [
          1,
          null
        ]
      },
      "/mnt/c/OneDrive/OneDrive - unb.br/5_semestre/ES/CAMAAR/app/helpers/home_helper.rb": {
        "lines": [
          1,
          null
        ]
      },
      "/mnt/c/OneDrive/OneDrive - unb.br/5_semestre/ES/CAMAAR/app/helpers/templates_helper.rb": {
        "lines": [
          1,
          null
        ]
      },
      "/mnt/c/OneDrive/OneDrive - unb.br/5_semestre/ES/CAMAAR/app/helpers/user/avaliacoes_helper.rb": {
        "lines": [
          1,
          null
        ]
      },
      "/mnt/c/OneDrive/OneDrive - unb.br/5_semestre/ES/CAMAAR/app/controllers/user/avaliacoes_controller.rb": {
        "lines": [
          1,
          1,
          null,
          1,
          7,
          null,
          7,
          null,
          7,
          null,
          7,
          null,
          null,
          null,
          null,
          null,
          null,
          7,
          7,
          6,
          6,
          null,
          null,
          null,
          1,
          2,
          2,
          2,
          null,
          null,
          1,
          7,
          7,
          null,
          7,
          null,
          20,
          3,
          9,
          null,
          null,
          null,
          null,
          null,
          null,
          3,
          3,
          null,
          4,
          4,
          null,
          null,
          null,
          null
        ]
      },
      "/mnt/c/OneDrive/OneDrive - unb.br/5_semestre/ES/CAMAAR/app/controllers/application_controller.rb": {
        "lines": [
          1,
          1,
          1,
          null,
          1,
          1,
          null,
          1,
          51,
          null,
          null,
          1,
          null,
          1,
          57,
          null,
          null,
          1,
          39,
          8,
          null,
          null
        ]
      },
      "/mnt/c/OneDrive/OneDrive - unb.br/5_semestre/ES/CAMAAR/app/controllers/admin/templates_controller.rb": {
        "lines": [
          1,
          1,
          1,
          10,
          null,
          null,
          null,
          null,
          10,
          10,
          null,
          null,
          1,
          0,
          null,
          1,
          0,
          0,
          0,
          null,
          0,
          0,
          0,
          null,
          null,
          null,
          0,
          0,
          0,
          null,
          null,
          null,
          null,
          null,
          0,
          0,
          0,
          null,
          null,
          null,
          null,
          null,
          null,
          null,
          null,
          0,
          null,
          null,
          null,
          null,
          0,
          0,
          null,
          null,
          1,
          0,
          0,
          0,
          null,
          null,
          1,
          0,
          null,
          0,
          0,
          0,
          null,
          null,
          0,
          0,
          0,
          null,
          0,
          null,
          0,
          0,
          null,
          null,
          null,
          null,
          0,
          0,
          0,
          null,
          null,
          null,
          null,
          0,
          null,
          null,
          0,
          0,
          null,
          null,
          1,
          0,
          0,
          0,
          null,
          1,
          1,
          0,
          null
        ]
      },
      "/mnt/c/OneDrive/OneDrive - unb.br/5_semestre/ES/CAMAAR/app/services/importador_sigaa.rb": {
        "lines": [
          1,
          1,
          3,
          3,
          null,
          null,
          1,
          3,
          3,
          3,
          3,
          3,
          null,
          3,
          null,
          null,
          1,
          null,
          1,
          3,
          3,
          1,
          1,
          1,
          null,
          null,
          2,
          null,
          null,
          null,
          1,
          3,
          3,
          null,
          3,
          1,
          1,
          1,
          1,
          null,
          2,
          null,
          null,
          null,
          null,
          null,
          null,
          null,
          3,
          3,
          null,
          null,
          null,
          1,
          3,
          3,
          1,
          1,
          1,
          1,
          1,
          null,
          1,
          1,
          1,
          1,
          1,
          null,
          1,
          1,
          null,
          2,
          null,
          null,
          null,
          null,
          null,
          null,
          null,
          null,
          null,
          1,
          3,
          3,
          3,
          null,
          3,
          1,
          1,
          1,
          null,
          null,
          2,
          null,
          null,
          null,
          null,
          null,
          2,
          null,
          null,
          3,
          3,
          null,
          null,
          3,
          null,
          null,
          null,
          null,
          3,
          2,
          2,
          null,
          null,
          null,
          2,
          null,
          2,
          null,
          2,
          2,
          2,
          null,
          null,
          null,
          null,
          null
        ]
      },
      "/mnt/c/OneDrive/OneDrive - unb.br/5_semestre/ES/CAMAAR/app/models/pessoa.rb": {
        "lines": [
          1,
          null,
          1,
          null,
          null,
          1,
          null,
          1,
          12,
          null,
          null,
          1,
          3,
          3,
          null,
          null,
          1,
          1,
          1,
          1,
          null,
          1,
          0,
          null,
          null,
          null,
          null,
          null,
          null,
          1,
          0,
          null,
          null,
          1,
          0,
          null,
          null
        ]
      },
      "/mnt/c/OneDrive/OneDrive - unb.br/5_semestre/ES/CAMAAR/app/models/application_record.rb": {
        "lines": [
          1,
          1,
          null
        ]
      },
      "/mnt/c/OneDrive/OneDrive - unb.br/5_semestre/ES/CAMAAR/app/models/cargo.rb": {
        "lines": [
          1,
          1,
          null,
          null,
          null,
          null,
          null
        ]
      },
      "/mnt/c/OneDrive/OneDrive - unb.br/5_semestre/ES/CAMAAR/app/models/participante.rb": {
        "lines": [
          1,
          1,
          1,
          null
        ]
      },
      "/mnt/c/OneDrive/OneDrive - unb.br/5_semestre/ES/CAMAAR/app/models/turma.rb": {
        "lines": [
          1,
          null,
          1,
          null,
          1,
          1,
          1,
          null
        ]
      },
      "/mnt/c/OneDrive/OneDrive - unb.br/5_semestre/ES/CAMAAR/app/models/materia.rb": {
        "lines": [
          1,
          1,
          1,
          null
        ]
      },
      "/mnt/c/OneDrive/OneDrive - unb.br/5_semestre/ES/CAMAAR/app/models/formulario.rb": {
        "lines": [
          1,
          null,
          1,
          1,
          1,
          null,
          1,
          1,
          null,
          null,
          1,
          null,
          8,
          15,
          null,
          null,
          null,
          null,
          1,
          0,
          0,
          0,
          0,
          null,
          null,
          null,
          null,
          null,
          null,
          null,
          null
        ]
      },
      "/mnt/c/OneDrive/OneDrive - unb.br/5_semestre/ES/CAMAAR/app/models/ligacao_pergunta.rb": {
        "lines": [
          1,
          1,
          1,
          1,
          null
        ]
      },
      "/mnt/c/OneDrive/OneDrive - unb.br/5_semestre/ES/CAMAAR/app/models/formulario_respondido.rb": {
        "lines": [
          1,
          1,
          1,
          null
        ]
      },
      "/mnt/c/OneDrive/OneDrive - unb.br/5_semestre/ES/CAMAAR/app/models/pergunta.rb": {
        "lines": [
          1,
          1,
          1,
          1,
          null
        ]
      },
      "/mnt/c/OneDrive/OneDrive - unb.br/5_semestre/ES/CAMAAR/app/models/resposta.rb": {
        "lines": [
          1,
          1,
          1,
          null
        ]
      },
      "/mnt/c/OneDrive/OneDrive - unb.br/5_semestre/ES/CAMAAR/app/models/template.rb": {
        "lines": [
          1,
          1,
          1,
          1
        ]
      },
      "/mnt/c/OneDrive/OneDrive - unb.br/5_semestre/ES/CAMAAR/app/controllers/admin/formularios_controller.rb": {
        "lines": [
          1,
          1,
          1,
          0,
          0,
          0,
          0,
          null,
          null,
          1,
          0,
          0,
          0,
          null,
          0,
          0,
          0,
          null,
          null,
          0,
          0,
          0,
          null,
          null,
          0,
          0,
          null,
          0,
          null,
          0,
          0,
          0,
          null,
          0,
          0,
          0,
          null,
          null,
          0,
          null,
          null,
          null,
          null,
          null,
          0,
          null,
          null,
          0,
          0,
          0,
          null,
          0,
          0,
          null,
          null,
          null,
          1,
          null,
          1,
          0,
          null,
          null
        ]
      },
      "/mnt/c/OneDrive/OneDrive - unb.br/5_semestre/ES/CAMAAR/app/controllers/pessoas/sessions_controller.rb": {
        "lines": [
          1,
          1,
          null,
          1,
          1,
          null,
          1,
          3,
          3,
          2,
          2,
          2,
          null,
          2,
          null,
          1,
          1,
          1,
          2,
          null,
          null,
          null,
          1,
          null,
          1,
          null,
          3,
          null,
          null,
          1,
          6,
          6,
          null,
          null,
          1,
          null,
          1,
          null,
          14,
          14,
          14,
          null,
          null
        ]
      },
      "/mnt/c/OneDrive/OneDrive - unb.br/5_semestre/ES/CAMAAR/app/controllers/pessoas/passwords_controller.rb": {
        "lines": [
          1,
          null,
          null,
          1,
          2,
          0,
          0,
          null,
          null,
          null,
          null,
          1,
          2,
          2,
          1,
          1,
          1,
          1,
          1,
          null,
          1,
          1,
          null,
          1,
          null,
          null,
          null
        ]
      },
      "/mnt/c/OneDrive/OneDrive - unb.br/5_semestre/ES/CAMAAR/app/controllers/home_controller.rb": {
        "lines": [
          1,
          1,
          5,
          5,
          null,
          5,
          0,
          0,
          null,
          null,
          5,
          5,
          null,
          5,
          0,
          null,
          0,
          null,
          0,
          null,
          5,
          null,
          null
        ]
      },
      "/mnt/c/OneDrive/OneDrive - unb.br/5_semestre/ES/CAMAAR/app/controllers/admin/resultados_controller.rb": {
        "lines": [
          1,
          1,
          null,
          null,
          1,
          0,
          null,
          0,
          0,
          null,
          null,
          null,
          null,
          1,
          0,
          null,
          0,
          0,
          0,
          null,
          0,
          0,
          null,
          0,
          null,
          null,
          null,
          1,
          0,
          0,
          0,
          0,
          null,
          0,
          null
        ]
      },
      "/mnt/c/OneDrive/OneDrive - unb.br/5_semestre/ES/CAMAAR/app/controllers/admin/gerenciamento_controller.rb": {
        "lines": [
          0,
          0,
          null,
          null,
          0,
          0,
          0,
          0,
          0,
          null,
          0,
          0,
          null,
          0,
          0,
          0,
          0,
          null,
          0,
          0,
          0,
          null,
          0,
          0,
          0,
          0,
          0,
          0,
          0,
          0,
          0,
          0,
          0,
          0
        ],
        "branches": {}
      },
      "/mnt/c/OneDrive/OneDrive - unb.br/5_semestre/ES/CAMAAR/app/jobs/application_job.rb": {
        "lines": [
          0,
          null,
          null,
          null,
          null,
          null,
          0
        ],
        "branches": {}
      },
      "/mnt/c/OneDrive/OneDrive - unb.br/5_semestre/ES/CAMAAR/app/mailers/application_mailer.rb": {
        "lines": [
          0,
          0,
          0,
          0
        ],
        "branches": {}
      },
      "/mnt/c/OneDrive/OneDrive - unb.br/5_semestre/ES/CAMAAR/app/models/opcao.rb": {
        "lines": [
          0,
          0,
          0
        ],
        "branches": {}
      }
    },
    "timestamp": 1752884395
  }
}
